<?xml version="1.0" encoding="UTF-8"?>
<testsuite xmlns:xsi="http://www.w3.org/2001/XMLSchema-instance" xsi:noNamespaceSchemaLocation="https://maven.apache.org/surefire/maven-surefire-plugin/xsd/surefire-test-report.xsd" name="com.copan.tcp.TCPIntegrationTest" time="1.668" tests="8" errors="0" skipped="0" failures="1">
  <properties>
    <property name="java.specification.version" value="17"/>
    <property name="sun.jnu.encoding" value="UTF-8"/>
    <property name="java.class.path" value="/home/runner/work/jSRPC/jSRPC/target/test-classes:/home/runner/work/jSRPC/jSRPC/target/classes:/home/runner/.m2/repository/junit/junit/4.11/junit-4.11.jar:/home/runner/.m2/repository/org/hamcrest/hamcrest-core/1.3/hamcrest-core-1.3.jar:"/>
    <property name="java.vm.vendor" value="Eclipse Adoptium"/>
    <property name="sun.arch.data.model" value="64"/>
    <property name="java.vendor.url" value="https://adoptium.net/"/>
    <property name="os.name" value="Linux"/>
    <property name="java.vm.specification.version" value="17"/>
    <property name="sun.java.launcher" value="SUN_STANDARD"/>
    <property name="sun.boot.library.path" value="/usr/lib/jvm/temurin-17-jdk-amd64/lib"/>
    <property name="sun.java.command" value="/home/runner/work/jSRPC/jSRPC/target/surefire/surefirebooter1473141799276469992.jar /home/runner/work/jSRPC/jSRPC/target/surefire 2025-09-16T14-47-35_441-jvmRun1 surefire13389473281176670930tmp surefire_015869203027103198243tmp"/>
    <property name="jdk.debug" value="release"/>
    <property name="surefire.test.class.path" value="/home/runner/work/jSRPC/jSRPC/target/test-classes:/home/runner/work/jSRPC/jSRPC/target/classes:/home/runner/.m2/repository/junit/junit/4.11/junit-4.11.jar:/home/runner/.m2/repository/org/hamcrest/hamcrest-core/1.3/hamcrest-core-1.3.jar:"/>
    <property name="sun.cpu.endian" value="little"/>
    <property name="user.home" value="/home/runner"/>
    <property name="user.language" value="en"/>
    <property name="java.specification.vendor" value="Oracle Corporation"/>
    <property name="java.version.date" value="2025-07-15"/>
    <property name="java.home" value="/usr/lib/jvm/temurin-17-jdk-amd64"/>
    <property name="file.separator" value="/"/>
    <property name="basedir" value="/home/runner/work/jSRPC/jSRPC"/>
    <property name="java.vm.compressedOopsMode" value="Zero based"/>
    <property name="line.separator" value="&#10;"/>
    <property name="java.vm.specification.vendor" value="Oracle Corporation"/>
    <property name="java.specification.name" value="Java Platform API Specification"/>
    <property name="surefire.real.class.path" value="/home/runner/work/jSRPC/jSRPC/target/surefire/surefirebooter1473141799276469992.jar"/>
    <property name="sun.management.compiler" value="HotSpot 64-Bit Tiered Compilers"/>
    <property name="java.runtime.version" value="17.0.16+8"/>
    <property name="user.name" value="runner"/>
    <property name="path.separator" value=":"/>
    <property name="os.version" value="6.11.0-1018-azure"/>
    <property name="java.runtime.name" value="OpenJDK Runtime Environment"/>
    <property name="file.encoding" value="UTF-8"/>
    <property name="java.vm.name" value="OpenJDK 64-Bit Server VM"/>
    <property name="java.vendor.version" value="Temurin-17.0.16+8"/>
    <property name="localRepository" value="/home/runner/.m2/repository"/>
    <property name="java.vendor.url.bug" value="https://github.com/adoptium/adoptium-support/issues"/>
    <property name="java.io.tmpdir" value="/tmp"/>
    <property name="java.version" value="17.0.16"/>
    <property name="user.dir" value="/home/runner/work/jSRPC/jSRPC"/>
    <property name="os.arch" value="amd64"/>
    <property name="java.vm.specification.name" value="Java Virtual Machine Specification"/>
    <property name="native.encoding" value="UTF-8"/>
    <property name="java.library.path" value="/usr/java/packages/lib:/usr/lib64:/lib64:/lib:/usr/lib"/>
    <property name="java.vm.info" value="mixed mode, sharing"/>
    <property name="java.vendor" value="Eclipse Adoptium"/>
    <property name="java.vm.version" value="17.0.16+8"/>
    <property name="java.specification.maintenance.version" value="1"/>
    <property name="sun.io.unicode.encoding" value="UnicodeLittle"/>
    <property name="java.class.version" value="61.0"/>
  </properties>
  <testcase name="testMultipleClientsConcurrent" classname="com.copan.tcp.TCPIntegrationTest" time="0.212"/>
  <testcase name="testQuitCommand" classname="com.copan.tcp.TCPIntegrationTest" time="0.206">
    <failure message="La comunicazione dovrebbe fallire dopo quit" type="java.lang.AssertionError">java.lang.AssertionError: La comunicazione dovrebbe fallire dopo quit
	at com.copan.tcp.TCPIntegrationTest.testQuitCommand(TCPIntegrationTest.java:234)
</failure>
    <system-err><![CDATA[Sep 16, 2025 2:47:55 PM com.copan.tcp.TCPServer start
INFO: Server TCP avviato sulla porta 8083 con 10 thread massimi
Sep 16, 2025 2:47:56 PM com.copan.tcp.TCPServer acceptConnections
INFO: Nuova connessione client accettata da: /127.0.0.1
Sep 16, 2025 2:47:56 PM com.copan.tcp.TCPClient connect
INFO: Connesso al server localhost:8083
Sep 16, 2025 2:47:56 PM com.copan.tcp.ClientHandler run
INFO: Iniziata gestione client: /127.0.0.1
Sep 16, 2025 2:47:56 PM com.copan.tcp.TCPClient connect
INFO: Messaggio di benvenuto: Benvenuto! Connessione stabilita con il server.
Sep 16, 2025 2:47:56 PM com.copan.tcp.ClientHandler run
INFO: Messaggio ricevuto da /127.0.0.1: ping
Sep 16, 2025 2:47:56 PM com.copan.tcp.ClientHandler run
INFO: Messaggio ricevuto da /127.0.0.1: quit
Sep 16, 2025 2:47:56 PM com.copan.tcp.ClientHandler disconnect
INFO: Client disconnesso e risorse rilasciate
Sep 16, 2025 2:47:56 PM com.copan.tcp.TCPClient disconnect
INFO: Disconnesso dal server
Sep 16, 2025 2:47:56 PM com.copan.tcp.TCPServer stop
INFO: Server TCP fermato
]]></system-err>
  </testcase>
  <testcase name="testLongRunningSession" classname="com.copan.tcp.TCPIntegrationTest" time="0.219"/>
  <testcase name="testMixedCommandsMultipleClients" classname="com.copan.tcp.TCPIntegrationTest" time="0.209"/>
  <testcase name="testMultipleClientsSequential" classname="com.copan.tcp.TCPIntegrationTest" time="0.21"/>
  <testcase name="testClientReconnectionWhileServerRunning" classname="com.copan.tcp.TCPIntegrationTest" time="0.205"/>
  <testcase name="testSingleClientServerInteraction" classname="com.copan.tcp.TCPIntegrationTest" time="0.204"/>
  <testcase name="testServerStopWithConnectedClients" classname="com.copan.tcp.TCPIntegrationTest" time="0.202"/>
</testsuite>